[2019-11-24 21:24:25,934] [tasks.py:31] [tasks:test_group_test] [ERROR]- Error!
[2019-11-24 21:24:26,936] [tasks.py:31] [tasks:test_group_test] [ERROR]- Error!
[2019-11-24 21:24:27,933] [tasks.py:31] [tasks:test_group_test] [ERROR]- Error!
[2019-11-24 21:24:28,935] [tasks.py:31] [tasks:test_group_test] [ERROR]- Error!
[2019-11-24 21:24:29,912] [tasks.py:31] [tasks:test_group_test] [ERROR]- Error!
[2019-11-24 21:24:30,912] [tasks.py:31] [tasks:test_group_test] [ERROR]- Error!
[2019-11-24 21:24:31,914] [tasks.py:31] [tasks:test_group_test] [ERROR]- Error!
[2019-11-24 21:24:32,914] [tasks.py:31] [tasks:test_group_test] [ERROR]- Error!
[2019-11-24 21:24:33,915] [tasks.py:31] [tasks:test_group_test] [ERROR]- Error!
[2019-11-24 21:24:34,916] [tasks.py:31] [tasks:test_group_test] [ERROR]- Error!
[2019-11-24 21:24:35,918] [tasks.py:31] [tasks:test_group_test] [ERROR]- Error!
[2019-11-24 21:24:36,917] [tasks.py:31] [tasks:test_group_test] [ERROR]- Error!
[2019-11-24 21:24:37,918] [tasks.py:31] [tasks:test_group_test] [ERROR]- Error!
[2019-11-24 21:24:38,919] [tasks.py:31] [tasks:test_group_test] [ERROR]- Error!
[2019-11-24 21:24:39,918] [tasks.py:31] [tasks:test_group_test] [ERROR]- Error!
[2019-11-24 21:24:40,920] [tasks.py:31] [tasks:test_group_test] [ERROR]- Error!
[2019-11-24 21:24:41,923] [tasks.py:31] [tasks:test_group_test] [ERROR]- Error!
[2019-11-24 21:24:42,921] [tasks.py:31] [tasks:test_group_test] [ERROR]- Error!
[2019-11-24 21:24:43,922] [tasks.py:31] [tasks:test_group_test] [ERROR]- Error!
[2019-11-24 21:24:44,923] [tasks.py:31] [tasks:test_group_test] [ERROR]- Error!
[2019-11-24 21:24:45,924] [tasks.py:31] [tasks:test_group_test] [ERROR]- Error!
[2019-11-24 21:24:46,925] [tasks.py:31] [tasks:test_group_test] [ERROR]- Error!
[2019-11-24 21:24:47,926] [tasks.py:31] [tasks:test_group_test] [ERROR]- Error!
[2019-11-24 21:24:48,926] [tasks.py:31] [tasks:test_group_test] [ERROR]- Error!
[2019-11-24 21:24:49,927] [tasks.py:31] [tasks:test_group_test] [ERROR]- Error!
[2019-11-24 21:24:50,929] [tasks.py:31] [tasks:test_group_test] [ERROR]- Error!
[2019-11-24 21:24:51,931] [tasks.py:31] [tasks:test_group_test] [ERROR]- Error!
[2019-11-24 21:24:52,932] [tasks.py:31] [tasks:test_group_test] [ERROR]- Error!
